# JRE version: Java(TM) SE Runtime Environment (8.0_77-b03) (build 1.8.0_77-b03)
# Java VM: Java HotSpot(TM) 64-Bit Server VM (25.77-b03 mixed mode windows-amd64 compressed oops)
Heap:
 PSYoungGen      total 294912K, used 150855K [0x00000000d5f00000, 0x00000000e9300000, 0x0000000100000000)
  eden space 276992K, 49% used [0x00000000d5f00000,0x00000000de55b850,0x00000000e6d80000)
  from space 17920K, 74% used [0x00000000e7000000,0x00000000e7cf6428,0x00000000e8180000)
  to   space 15872K, 0% used [0x00000000e8380000,0x00000000e8380000,0x00000000e9300000)
 ParOldGen       total 93696K, used 35165K [0x0000000081c00000, 0x0000000087780000, 0x00000000d5f00000)
  object space 93696K, 37% used [0x0000000081c00000,0x0000000083e57798,0x0000000087780000)
 Metaspace       used 55730K, capacity 56432K, committed 56704K, reserved 1099776K
  class space    used 7119K, capacity 7253K, committed 7296K, reserved 1048576K
GC Heap History (10 events):
Event: 7.523 GC heap after
Heap after GC invocations=10 (full 1):
 PSYoungGen      total 179712K, used 12795K [0x00000000d5f00000, 0x00000000e5400000, 0x0000000100000000)
  eden space 166912K, 0% used [0x00000000d5f00000,0x00000000d5f00000,0x00000000e0200000)
  from space 12800K, 99% used [0x00000000e0200000,0x00000000e0e7ec30,0x00000000e0e80000)
  to   space 15360K, 0% used [0x00000000e4500000,0x00000000e4500000,0x00000000e5400000)
 ParOldGen       total 59392K, used 15650K [0x0000000081c00000, 0x0000000085600000, 0x00000000d5f00000)
  object space 59392K, 26% used [0x0000000081c00000,0x0000000082b48bd8,0x0000000085600000)
 Metaspace       used 32857K, capacity 33266K, committed 33536K, reserved 1079296K
  class space    used 4162K, capacity 4268K, committed 4352K, reserved 1048576K
}
Event: 8.176 GC heap before
{Heap before GC invocations=11 (full 1):
 PSYoungGen      total 179712K, used 81151K [0x00000000d5f00000, 0x00000000e5400000, 0x0000000100000000)
  eden space 166912K, 40% used [0x00000000d5f00000,0x00000000da1c1108,0x00000000e0200000)
  from space 12800K, 99% used [0x00000000e0200000,0x00000000e0e7ec30,0x00000000e0e80000)
  to   space 15360K, 0% used [0x00000000e4500000,0x00000000e4500000,0x00000000e5400000)
 ParOldGen       total 59392K, used 15650K [0x0000000081c00000, 0x0000000085600000, 0x00000000d5f00000)
  object space 59392K, 26% used [0x0000000081c00000,0x0000000082b48bd8,0x0000000085600000)
 Metaspace       used 34843K, capacity 35236K, committed 35496K, reserved 1081344K
  class space    used 4386K, capacity 4495K, committed 4608K, reserved 1048576K
Event: 8.195 GC heap after
Heap after GC invocations=11 (full 1):
 PSYoungGen      total 236032K, used 8013K [0x00000000d5f00000, 0x00000000e5400000, 0x0000000100000000)
  eden space 220672K, 0% used [0x00000000d5f00000,0x00000000d5f00000,0x00000000e3680000)
  from space 15360K, 52% used [0x00000000e4500000,0x00000000e4cd34a0,0x00000000e5400000)
  to   space 14848K, 0% used [0x00000000e3680000,0x00000000e3680000,0x00000000e4500000)
 ParOldGen       total 59392K, used 19997K [0x0000000081c00000, 0x0000000085600000, 0x00000000d5f00000)
  object space 59392K, 33% used [0x0000000081c00000,0x0000000082f87450,0x0000000085600000)
 Metaspace       used 34843K, capacity 35236K, committed 35496K, reserved 1081344K
  class space    used 4386K, capacity 4495K, committed 4608K, reserved 1048576K
}
Event: 8.195 GC heap before
{Heap before GC invocations=12 (full 2):
 PSYoungGen      total 236032K, used 8013K [0x00000000d5f00000, 0x00000000e5400000, 0x0000000100000000)
  eden space 220672K, 0% used [0x00000000d5f00000,0x00000000d5f00000,0x00000000e3680000)
  from space 15360K, 52% used [0x00000000e4500000,0x00000000e4cd34a0,0x00000000e5400000)
  to   space 14848K, 0% used [0x00000000e3680000,0x00000000e3680000,0x00000000e4500000)
 ParOldGen       total 59392K, used 19997K [0x0000000081c00000, 0x0000000085600000, 0x00000000d5f00000)
  object space 59392K, 33% used [0x0000000081c00000,0x0000000082f87450,0x0000000085600000)
 Metaspace       used 34843K, capacity 35236K, committed 35496K, reserved 1081344K
  class space    used 4386K, capacity 4495K, committed 4608K, reserved 1048576K
Event: 8.339 GC heap after
Heap after GC invocations=12 (full 2):
 PSYoungGen      total 236032K, used 0K [0x00000000d5f00000, 0x00000000e5400000, 0x0000000100000000)
  eden space 220672K, 0% used [0x00000000d5f00000,0x00000000d5f00000,0x00000000e3680000)
  from space 15360K, 0% used [0x00000000e4500000,0x00000000e4500000,0x00000000e5400000)
  to   space 14848K, 0% used [0x00000000e3680000,0x00000000e3680000,0x00000000e4500000)
 ParOldGen       total 93696K, used 21999K [0x0000000081c00000, 0x0000000087780000, 0x00000000d5f00000)
  object space 93696K, 23% used [0x0000000081c00000,0x000000008317be08,0x0000000087780000)
 Metaspace       used 34843K, capacity 35236K, committed 35496K, reserved 1081344K
  class space    used 4386K, capacity 4495K, committed 4608K, reserved 1048576K
}
Event: 10.512 GC heap before
{Heap before GC invocations=13 (full 2):
 PSYoungGen      total 236032K, used 220672K [0x00000000d5f00000, 0x00000000e5400000, 0x0000000100000000)
  eden space 220672K, 100% used [0x00000000d5f00000,0x00000000e3680000,0x00000000e3680000)
  from space 15360K, 0% used [0x00000000e4500000,0x00000000e4500000,0x00000000e5400000)
  to   space 14848K, 0% used [0x00000000e3680000,0x00000000e3680000,0x00000000e4500000)
 ParOldGen       total 93696K, used 21999K [0x0000000081c00000, 0x0000000087780000, 0x00000000d5f00000)
  object space 93696K, 23% used [0x0000000081c00000,0x000000008317be08,0x0000000087780000)
 Metaspace       used 43818K, capacity 44226K, committed 44416K, reserved 1087488K
  class space    used 5608K, capacity 5716K, committed 5760K, reserved 1048576K
Event: 10.528 GC heap after
Heap after GC invocations=13 (full 2):
 PSYoungGen      total 235520K, used 12188K [0x00000000d5f00000, 0x00000000e9300000, 0x0000000100000000)
  eden space 220672K, 0% used [0x00000000d5f00000,0x00000000d5f00000,0x00000000e3680000)
  from space 14848K, 82% used [0x00000000e3680000,0x00000000e42673f8,0x00000000e4500000)
  to   space 15872K, 0% used [0x00000000e8380000,0x00000000e8380000,0x00000000e9300000)
 ParOldGen       total 93696K, used 22007K [0x0000000081c00000, 0x0000000087780000, 0x00000000d5f00000)
  object space 93696K, 23% used [0x0000000081c00000,0x000000008317de08,0x0000000087780000)
 Metaspace       used 43818K, capacity 44226K, committed 44416K, reserved 1087488K
  class space    used 5608K, capacity 5716K, committed 5760K, reserved 1048576K
}
Event: 14.707 GC heap before
{Heap before GC invocations=14 (full 2):
 PSYoungGen      total 235520K, used 232860K [0x00000000d5f00000, 0x00000000e9300000, 0x0000000100000000)
  eden space 220672K, 100% used [0x00000000d5f00000,0x00000000e3680000,0x00000000e3680000)
  from space 14848K, 82% used [0x00000000e3680000,0x00000000e42673f8,0x00000000e4500000)
  to   space 15872K, 0% used [0x00000000e8380000,0x00000000e8380000,0x00000000e9300000)
 ParOldGen       total 93696K, used 22007K [0x0000000081c00000, 0x0000000087780000, 0x00000000d5f00000)
  object space 93696K, 23% used [0x0000000081c00000,0x000000008317de08,0x0000000087780000)
 Metaspace       used 49641K, capacity 50102K, committed 50432K, reserved 1093632K
  class space    used 6421K, capacity 6530K, committed 6656K, reserved 1048576K
Event: 14.730 GC heap after
Heap after GC invocations=14 (full 2):
 PSYoungGen      total 292864K, used 15856K [0x00000000d5f00000, 0x00000000e9300000, 0x0000000100000000)
  eden space 276992K, 0% used [0x00000000d5f00000,0x00000000d5f00000,0x00000000e6d80000)
  from space 15872K, 99% used [0x00000000e8380000,0x00000000e92fc150,0x00000000e9300000)
  to   space 17920K, 0% used [0x00000000e7000000,0x00000000e7000000,0x00000000e8180000)
 ParOldGen       total 93696K, used 23224K [0x0000000081c00000, 0x0000000087780000, 0x00000000d5f00000)
  object space 93696K, 24% used [0x0000000081c00000,0x00000000832ae1b0,0x0000000087780000)
 Metaspace       used 49641K, capacity 50102K, committed 50432K, reserved 1093632K
  class space    used 6421K, capacity 6530K, committed 6656K, reserved 1048576K
}
Event: 16.677 GC heap before
{Heap before GC invocations=15 (full 2):
 PSYoungGen      total 292864K, used 292848K [0x00000000d5f00000, 0x00000000e9300000, 0x0000000100000000)
  eden space 276992K, 100% used [0x00000000d5f00000,0x00000000e6d80000,0x00000000e6d80000)
  from space 15872K, 99% used [0x00000000e8380000,0x00000000e92fc150,0x00000000e9300000)
  to   space 17920K, 0% used [0x00000000e7000000,0x00000000e7000000,0x00000000e8180000)
 ParOldGen       total 93696K, used 23224K [0x0000000081c00000, 0x0000000087780000, 0x00000000d5f00000)
  object space 93696K, 24% used [0x0000000081c00000,0x00000000832ae1b0,0x0000000087780000)
 Metaspace       used 54489K, capacity 55078K, committed 55296K, reserved 1097728K
  class space    used 6960K, capacity 7102K, committed 7168K, reserved 1048576K

